<?xml version="1.0" encoding="UTF-8"?>
<testng-results skipped="0" failed="0" ignored="0" total="2" passed="2">
  <reporter-output>
  </reporter-output>
  <suite name="Suite" duration-ms="9083" started-at="2021-02-24T07:29:11Z" finished-at="2021-02-24T07:29:20Z">
    <groups>
    </groups>
    <test name="Test" duration-ms="9083" started-at="2021-02-24T07:29:11Z" finished-at="2021-02-24T07:29:20Z">
      <class name="Test.Testcase1">
        <test-method status="PASS" signature="LaunchBrowser()[pri:0, instance:Test.Testcase1@7ca48474]" name="LaunchBrowser" is-config="true" duration-ms="2168" started-at="2021-02-24T07:29:11Z" finished-at="2021-02-24T07:29:13Z">
          <reporter-output>
          </reporter-output>
        </test-method> <!-- LaunchBrowser -->
        <test-method status="PASS" signature="LoginTest()[pri:0, instance:Test.Testcase1@7ca48474]" name="LoginTest" duration-ms="6820" started-at="2021-02-24T07:29:13Z" finished-at="2021-02-24T07:29:20Z">
          <reporter-output>
          </reporter-output>
        </test-method> <!-- LoginTest -->
        <test-method status="PASS" signature="closeBrowser()[pri:0, instance:Test.Testcase1@7ca48474]" name="closeBrowser" is-config="true" duration-ms="68" started-at="2021-02-24T07:29:20Z" finished-at="2021-02-24T07:29:20Z">
          <reporter-output>
          </reporter-output>
        </test-method> <!-- closeBrowser -->
      </class> <!-- Test.Testcase1 -->
      <class name="GitHub.Maven.AppTest">
        <test-method status="PASS" signature="testApp()[pri:0, instance:GitHub.Maven.AppTest@337d0578]" name="testApp" duration-ms="1" started-at="2021-02-24T07:29:20Z" finished-at="2021-02-24T07:29:20Z">
          <reporter-output>
          </reporter-output>
        </test-method> <!-- testApp -->
      </class> <!-- GitHub.Maven.AppTest -->
    </test> <!-- Test -->
  </suite> <!-- Suite -->
</testng-results>
