<?xml version="1.0" encoding="UTF-8"?>
<testng-results skipped="0" failed="0" ignored="0" total="1" passed="1">
  <reporter-output>
  </reporter-output>
  <suite name="Default suite" duration-ms="9678" started-at="2021-02-24T07:22:40Z" finished-at="2021-02-24T07:22:50Z">
    <groups>
    </groups>
    <test name="Default test" duration-ms="9678" started-at="2021-02-24T07:22:40Z" finished-at="2021-02-24T07:22:50Z">
      <class name="Test.Testcase1">
        <test-method status="PASS" signature="LaunchBrowser()[pri:0, instance:Test.Testcase1@1bce4f0a]" name="LaunchBrowser" is-config="true" duration-ms="2343" started-at="2021-02-24T07:22:40Z" finished-at="2021-02-24T07:22:43Z">
          <reporter-output>
          </reporter-output>
        </test-method> <!-- LaunchBrowser -->
        <test-method status="PASS" signature="LoginTest()[pri:0, instance:Test.Testcase1@1bce4f0a]" name="LoginTest" duration-ms="7245" started-at="2021-02-24T07:22:43Z" finished-at="2021-02-24T07:22:50Z">
          <reporter-output>
          </reporter-output>
        </test-method> <!-- LoginTest -->
        <test-method status="PASS" signature="closeBrowser()[pri:0, instance:Test.Testcase1@1bce4f0a]" name="closeBrowser" is-config="true" duration-ms="69" started-at="2021-02-24T07:22:50Z" finished-at="2021-02-24T07:22:50Z">
          <reporter-output>
          </reporter-output>
        </test-method> <!-- closeBrowser -->
      </class> <!-- Test.Testcase1 -->
    </test> <!-- Default test -->
  </suite> <!-- Default suite -->
</testng-results>
